17/06/24 23:20:10 - DEBUG - urllib3.connectionpool - [_new_conn]: Starting new HTTPS connection (1): raw.githubusercontent.com:443
17/06/24 23:20:10 - DEBUG - urllib3.connectionpool - [_make_request]: https://raw.githubusercontent.com:443 "GET /rdavydov/Twitch-Channel-Points-Miner-v2/master/TwitchChannelPointsMiner/__init__.py HTTP/1.1" 200 125
17/06/24 23:20:10 - INFO - TwitchChannelPointsMiner.TwitchChannelPointsMiner - [__init__]: Twitch Channel Points Miner v2-1.9.5 (fork by rdavydov)
17/06/24 23:20:10 - INFO - TwitchChannelPointsMiner.TwitchChannelPointsMiner - [__init__]: https://github.com/rdavydov/Twitch-Channel-Points-Miner-v2
17/06/24 23:20:10 - INFO - TwitchChannelPointsMiner.TwitchChannelPointsMiner - [__init__]: You are running version 1.9.5 of this script
17/06/24 23:20:10 - INFO - TwitchChannelPointsMiner.TwitchChannelPointsMiner - [__init__]: The latest version on GitHub is 1.9.7
17/06/24 23:20:10 - INFO - TwitchChannelPointsMiner.TwitchChannelPointsMiner - [run]: Start session: '01f3e394-9e65-4939-baa4-620cf6ef9774'
17/06/24 23:20:10 - INFO - TwitchChannelPointsMiner.classes.TwitchLogin - [login_flow]: You'll have to login to Twitch!
17/06/24 23:20:10 - INFO - TwitchChannelPointsMiner.classes.TwitchLogin - [login_flow]: Trying the TV login method..
17/06/24 23:20:10 - DEBUG - urllib3.connectionpool - [_new_conn]: Starting new HTTPS connection (1): id.twitch.tv:443
17/06/24 23:20:11 - DEBUG - urllib3.connectionpool - [_make_request]: https://id.twitch.tv:443 "POST /oauth2/device HTTP/1.1" 200 164
17/06/24 23:20:11 - INFO - TwitchChannelPointsMiner.classes.TwitchLogin - [login_flow]: Open https://www.twitch.tv/activate
17/06/24 23:20:11 - INFO - TwitchChannelPointsMiner.classes.TwitchLogin - [login_flow]: and enter this code: XTMLYZWB
17/06/24 23:20:11 - INFO - TwitchChannelPointsMiner.classes.TwitchLogin - [login_flow]: Hurry up! It will expire in 30 minutes!
17/06/24 23:20:16 - DEBUG - urllib3.connectionpool - [_make_request]: https://id.twitch.tv:443 "POST /oauth2/token HTTP/1.1" 400 49
17/06/24 23:20:21 - DEBUG - urllib3.connectionpool - [_make_request]: https://id.twitch.tv:443 "POST /oauth2/token HTTP/1.1" 400 49
17/06/24 23:20:26 - DEBUG - urllib3.connectionpool - [_make_request]: https://id.twitch.tv:443 "POST /oauth2/token HTTP/1.1" 400 49
17/06/24 23:20:32 - DEBUG - urllib3.connectionpool - [_make_request]: https://id.twitch.tv:443 "POST /oauth2/token HTTP/1.1" 400 49
17/06/24 23:20:37 - DEBUG - urllib3.connectionpool - [_make_request]: https://id.twitch.tv:443 "POST /oauth2/token HTTP/1.1" 400 49
17/06/24 23:20:42 - DEBUG - urllib3.connectionpool - [_make_request]: https://id.twitch.tv:443 "POST /oauth2/token HTTP/1.1" 400 49
17/06/24 23:20:47 - DEBUG - urllib3.connectionpool - [_make_request]: https://id.twitch.tv:443 "POST /oauth2/token HTTP/1.1" 400 49
17/06/24 23:20:52 - DEBUG - urllib3.connectionpool - [_make_request]: https://id.twitch.tv:443 "POST /oauth2/token HTTP/1.1" 200 248
17/06/24 23:20:52 - DEBUG - urllib3.connectionpool - [_new_conn]: Starting new HTTPS connection (1): gql.twitch.tv:443
17/06/24 23:20:53 - DEBUG - urllib3.connectionpool - [_make_request]: https://gql.twitch.tv:443 "POST /gql HTTP/1.1" 200 204
17/06/24 23:20:53 - INFO - TwitchChannelPointsMiner.classes.TwitchLogin - [save_cookies]: Saving cookies to your computer..
17/06/24 23:20:53 - INFO - TwitchChannelPointsMiner.TwitchChannelPointsMiner - [run]: Loading data for 7 streamers. Please wait...
17/06/24 23:20:53 - DEBUG - urllib3.connectionpool - [_new_conn]: Starting new HTTPS connection (1): www.twitch.tv:443
17/06/24 23:20:54 - DEBUG - urllib3.connectionpool - [_make_request]: https://www.twitch.tv:443 "GET / HTTP/1.1" 200 None
17/06/24 23:20:54 - DEBUG - TwitchChannelPointsMiner.classes.Twitch - [update_client_version]: Error with update_client_version: no match
17/06/24 23:20:54 - DEBUG - urllib3.connectionpool - [_new_conn]: Starting new HTTPS connection (1): gql.twitch.tv:443
17/06/24 23:20:54 - DEBUG - urllib3.connectionpool - [_make_request]: https://gql.twitch.tv:443 "POST /gql HTTP/1.1" 200 205
17/06/24 23:20:54 - DEBUG - TwitchChannelPointsMiner.classes.Twitch - [post_gql_request]: Data: {'operationName': 'ReportMenuItem', 'extensions': {'persistedQuery': {'version': 1, 'sha256Hash': '8f3628981255345ca5e5453dfd844efffb01d6413a9931498836e6268692a30c'}}, 'variables': {'channelLogin': 'pimpcs'}}, Status code: 200, Content: {"data":{"requestInfo":{"countryCode":"EE","__typename":"RequestInfo"},"user":{"id":"37799181","stream":null,"__typename":"User"}},"extensions":{"durationMilliseconds":44,"operationName":"ReportMenuItem","requestID":"01J0KXR6J0JVVNKST09QZJ5YEZ"}}
17/06/24 23:20:55 - DEBUG - urllib3.connectionpool - [_new_conn]: Starting new HTTPS connection (1): www.twitch.tv:443
17/06/24 23:20:55 - DEBUG - urllib3.connectionpool - [_make_request]: https://www.twitch.tv:443 "GET / HTTP/1.1" 200 None
17/06/24 23:20:55 - DEBUG - TwitchChannelPointsMiner.classes.Twitch - [update_client_version]: Error with update_client_version: no match
17/06/24 23:20:55 - DEBUG - urllib3.connectionpool - [_new_conn]: Starting new HTTPS connection (1): gql.twitch.tv:443
17/06/24 23:20:55 - DEBUG - urllib3.connectionpool - [_make_request]: https://gql.twitch.tv:443 "POST /gql HTTP/1.1" 200 242
17/06/24 23:20:55 - DEBUG - TwitchChannelPointsMiner.classes.Twitch - [post_gql_request]: Data: {'operationName': 'ReportMenuItem', 'extensions': {'persistedQuery': {'version': 1, 'sha256Hash': '8f3628981255345ca5e5453dfd844efffb01d6413a9931498836e6268692a30c'}}, 'variables': {'channelLogin': 'lobanjicaa'}}, Status code: 200, Content: {"data":{"requestInfo":{"countryCode":"EE","__typename":"RequestInfo"},"user":{"id":"126902046","stream":{"id":"42479787032","createdAt":"2024-06-17T17:17:56Z","__typename":"Stream"},"__typename":"User"}},"extensions":{"durationMilliseconds":40,"operationName":"ReportMenuItem","requestID":"01J0KXR7KNW7PCPF8JAJ7RXJJY"}}
17/06/24 23:20:56 - DEBUG - urllib3.connectionpool - [_new_conn]: Starting new HTTPS connection (1): www.twitch.tv:443
17/06/24 23:20:56 - DEBUG - urllib3.connectionpool - [_make_request]: https://www.twitch.tv:443 "GET / HTTP/1.1" 200 None
17/06/24 23:20:56 - DEBUG - TwitchChannelPointsMiner.classes.Twitch - [update_client_version]: Error with update_client_version: no match
17/06/24 23:20:56 - DEBUG - urllib3.connectionpool - [_new_conn]: Starting new HTTPS connection (1): gql.twitch.tv:443
17/06/24 23:20:56 - DEBUG - urllib3.connectionpool - [_make_request]: https://gql.twitch.tv:443 "POST /gql HTTP/1.1" 200 203
17/06/24 23:20:56 - DEBUG - TwitchChannelPointsMiner.classes.Twitch - [post_gql_request]: Data: {'operationName': 'ReportMenuItem', 'extensions': {'persistedQuery': {'version': 1, 'sha256Hash': '8f3628981255345ca5e5453dfd844efffb01d6413a9931498836e6268692a30c'}}, 'variables': {'channelLogin': 'olofmeister'}}, Status code: 200, Content: {"data":{"requestInfo":{"countryCode":"EE","__typename":"RequestInfo"},"user":{"id":"46717011","stream":null,"__typename":"User"}},"extensions":{"durationMilliseconds":38,"operationName":"ReportMenuItem","requestID":"01J0KXR8RAJ13E6WCFG761ACEN"}}
17/06/24 23:20:57 - DEBUG - urllib3.connectionpool - [_new_conn]: Starting new HTTPS connection (1): www.twitch.tv:443
17/06/24 23:20:57 - DEBUG - urllib3.connectionpool - [_make_request]: https://www.twitch.tv:443 "GET / HTTP/1.1" 200 None
17/06/24 23:20:57 - DEBUG - TwitchChannelPointsMiner.classes.Twitch - [update_client_version]: Error with update_client_version: no match
17/06/24 23:20:57 - DEBUG - urllib3.connectionpool - [_new_conn]: Starting new HTTPS connection (1): gql.twitch.tv:443
17/06/24 23:20:58 - DEBUG - urllib3.connectionpool - [_make_request]: https://gql.twitch.tv:443 "POST /gql HTTP/1.1" 200 204
17/06/24 23:20:58 - DEBUG - TwitchChannelPointsMiner.classes.Twitch - [post_gql_request]: Data: {'operationName': 'ReportMenuItem', 'extensions': {'persistedQuery': {'version': 1, 'sha256Hash': '8f3628981255345ca5e5453dfd844efffb01d6413a9931498836e6268692a30c'}}, 'variables': {'channelLogin': 'get_right'}}, Status code: 200, Content: {"data":{"requestInfo":{"countryCode":"EE","__typename":"RequestInfo"},"user":{"id":"38024128","stream":null,"__typename":"User"}},"extensions":{"durationMilliseconds":42,"operationName":"ReportMenuItem","requestID":"01J0KXR9SX6ZM8X6578M3Y483A"}}
17/06/24 23:20:58 - DEBUG - urllib3.connectionpool - [_new_conn]: Starting new HTTPS connection (1): www.twitch.tv:443
17/06/24 23:20:58 - DEBUG - urllib3.connectionpool - [_make_request]: https://www.twitch.tv:443 "GET / HTTP/1.1" 200 None
17/06/24 23:20:58 - DEBUG - TwitchChannelPointsMiner.classes.Twitch - [update_client_version]: Error with update_client_version: no match
17/06/24 23:20:58 - DEBUG - urllib3.connectionpool - [_new_conn]: Starting new HTTPS connection (1): gql.twitch.tv:443
17/06/24 23:20:59 - DEBUG - urllib3.connectionpool - [_make_request]: https://gql.twitch.tv:443 "POST /gql HTTP/1.1" 200 199
17/06/24 23:20:59 - DEBUG - TwitchChannelPointsMiner.classes.Twitch - [post_gql_request]: Data: {'operationName': 'ReportMenuItem', 'extensions': {'persistedQuery': {'version': 1, 'sha256Hash': '8f3628981255345ca5e5453dfd844efffb01d6413a9931498836e6268692a30c'}}, 'variables': {'channelLogin': 'haixxd'}}, Status code: 200, Content: {"data":{"requestInfo":{"countryCode":"EE","__typename":"RequestInfo"},"user":null},"extensions":{"durationMilliseconds":21,"operationName":"ReportMenuItem","requestID":"01J0KXRB3Y4G61EEWW1GKYCNZJ"}}
17/06/24 23:20:59 - INFO - TwitchChannelPointsMiner.TwitchChannelPointsMiner - [run]: Streamer haixxd does not exist
17/06/24 23:20:59 - DEBUG - urllib3.connectionpool - [_new_conn]: Starting new HTTPS connection (1): www.twitch.tv:443
17/06/24 23:20:59 - DEBUG - urllib3.connectionpool - [_make_request]: https://www.twitch.tv:443 "GET / HTTP/1.1" 200 None
17/06/24 23:20:59 - DEBUG - TwitchChannelPointsMiner.classes.Twitch - [update_client_version]: Error with update_client_version: no match
17/06/24 23:20:59 - DEBUG - urllib3.connectionpool - [_new_conn]: Starting new HTTPS connection (1): gql.twitch.tv:443
17/06/24 23:21:00 - DEBUG - urllib3.connectionpool - [_make_request]: https://gql.twitch.tv:443 "POST /gql HTTP/1.1" 200 242
17/06/24 23:21:00 - DEBUG - TwitchChannelPointsMiner.classes.Twitch - [post_gql_request]: Data: {'operationName': 'ReportMenuItem', 'extensions': {'persistedQuery': {'version': 1, 'sha256Hash': '8f3628981255345ca5e5453dfd844efffb01d6413a9931498836e6268692a30c'}}, 'variables': {'channelLogin': 'shoxiejesuss'}}, Status code: 200, Content: {"data":{"requestInfo":{"countryCode":"EE","__typename":"RequestInfo"},"user":{"id":"35332416","stream":{"id":"42480085784","createdAt":"2024-06-17T18:24:27Z","__typename":"Stream"},"__typename":"User"}},"extensions":{"durationMilliseconds":39,"operationName":"ReportMenuItem","requestID":"01J0KXRC4GK05DNQJ9K07981WT"}}
